[debug] [2024-05-09T17:06:21.267Z] ----------------------------------------------------------------------
[debug] [2024-05-09T17:06:21.271Z] Command:       C:\Program Files\nodejs\node.exe C:\Users\berna\AppData\Roaming\npm\node_modules\firebase-tools\lib\bin\firebase.js deploy --only hosting
[debug] [2024-05-09T17:06:21.271Z] CLI Version:   13.8.0
[debug] [2024-05-09T17:06:21.271Z] Platform:      win32
[debug] [2024-05-09T17:06:21.271Z] Node Version:  v21.7.2
[debug] [2024-05-09T17:06:21.272Z] Time:          Thu May 09 2024 14:06:21 GMT-0300 (Horário Padrão de Brasília)
[debug] [2024-05-09T17:06:21.272Z] ----------------------------------------------------------------------
[debug] 
[debug] [2024-05-09T17:06:21.337Z] > command requires scopes: ["email","openid","https://www.googleapis.com/auth/cloudplatformprojects.readonly","https://www.googleapis.com/auth/firebase","https://www.googleapis.com/auth/cloud-platform"]
[debug] [2024-05-09T17:06:21.338Z] > authorizing via signed-in user (bernardobraga75@gmail.com)
[debug] [2024-05-09T17:06:21.338Z] [iam] checking project ling-formais-berparyu for permissions ["firebase.projects.get","firebasehosting.sites.update"]
[debug] [2024-05-09T17:06:21.340Z] >>> [apiv2][query] POST https://cloudresourcemanager.googleapis.com/v1/projects/ling-formais-berparyu:testIamPermissions [none]
[debug] [2024-05-09T17:06:21.340Z] >>> [apiv2][(partial)header] POST https://cloudresourcemanager.googleapis.com/v1/projects/ling-formais-berparyu:testIamPermissions x-goog-quota-user=projects/ling-formais-berparyu
[debug] [2024-05-09T17:06:21.340Z] >>> [apiv2][body] POST https://cloudresourcemanager.googleapis.com/v1/projects/ling-formais-berparyu:testIamPermissions {"permissions":["firebase.projects.get","firebasehosting.sites.update"]}
[debug] [2024-05-09T17:06:22.287Z] <<< [apiv2][status] POST https://cloudresourcemanager.googleapis.com/v1/projects/ling-formais-berparyu:testIamPermissions 200
[debug] [2024-05-09T17:06:22.288Z] <<< [apiv2][body] POST https://cloudresourcemanager.googleapis.com/v1/projects/ling-formais-berparyu:testIamPermissions {"permissions":["firebase.projects.get","firebasehosting.sites.update"]}
[debug] [2024-05-09T17:06:22.289Z] >>> [apiv2][query] GET https://firebase.googleapis.com/v1beta1/projects/ling-formais-berparyu [none]
[debug] [2024-05-09T17:06:22.781Z] <<< [apiv2][status] GET https://firebase.googleapis.com/v1beta1/projects/ling-formais-berparyu 200
[debug] [2024-05-09T17:06:22.781Z] <<< [apiv2][body] GET https://firebase.googleapis.com/v1beta1/projects/ling-formais-berparyu {"projectId":"ling-formais-berparyu","projectNumber":"212409122912","displayName":"linguagens-formais-BerPaRyu","name":"projects/ling-formais-berparyu","resources":{"hostingSite":"ling-formais-berparyu"},"state":"ACTIVE","etag":"1_7a3b993c-7e7c-47ae-bd98-a620097d677f"}
[info] 
[info] === Deploying to 'ling-formais-berparyu'...
[info] 
[info] i  deploying hosting 
[debug] [2024-05-09T17:06:22.920Z] >>> [apiv2][query] POST https://firebasehosting.googleapis.com/v1beta1/projects/-/sites/ling-formais-berparyu/versions [none]
[debug] [2024-05-09T17:06:22.920Z] >>> [apiv2][body] POST https://firebasehosting.googleapis.com/v1beta1/projects/-/sites/ling-formais-berparyu/versions {"status":"CREATED","labels":{"deployment-tool":"cli-firebase"}}
[debug] [2024-05-09T17:06:24.702Z] <<< [apiv2][status] POST https://firebasehosting.googleapis.com/v1beta1/projects/-/sites/ling-formais-berparyu/versions 200
[debug] [2024-05-09T17:06:24.703Z] <<< [apiv2][body] POST https://firebasehosting.googleapis.com/v1beta1/projects/-/sites/ling-formais-berparyu/versions {"name":"projects/212409122912/sites/ling-formais-berparyu/versions/d302dab5b5ea55bb","status":"CREATED","config":{},"labels":{"deployment-tool":"cli-firebase"}}
[info] i  hosting[ling-formais-berparyu]: beginning deploy... 
[info] i  hosting[ling-formais-berparyu]: found 10 files in dist 
[debug] [2024-05-09T17:06:24.723Z] [hosting] uploading with 200 concurrency
